d:\aryan\raylib_projects\snake\build\_deps\raylib-build\raylib\debug\raylib.pdb
d:\aryan\raylib_projects\snake\build\_deps\raylib-build\raylib\raylib.dir\debug\raudio.obj
d:\aryan\raylib_projects\snake\build\_deps\raylib-build\raylib\raylib.dir\debug\utils.obj
d:\aryan\raylib_projects\snake\build\_deps\raylib-build\raylib\raylib.dir\debug\textures.obj
d:\aryan\raylib_projects\snake\build\_deps\raylib-build\raylib\raylib.dir\debug\text.obj
d:\aryan\raylib_projects\snake\build\_deps\raylib-build\raylib\raylib.dir\debug\shapes.obj
d:\aryan\raylib_projects\snake\build\_deps\raylib-build\raylib\raylib.dir\debug\models.obj
d:\aryan\raylib_projects\snake\build\_deps\raylib-build\raylib\raylib.dir\debug\core.obj
d:\aryan\raylib_projects\snake\build\_deps\raylib-build\raylib\raylib.dir\debug\raylib.pdb
d:\aryan\raylib_projects\snake\build\_deps\raylib-build\raylib\cmakefiles\generate.stamp
d:\aryan\raylib_projects\snake\build\_deps\raylib-build\raylib\debug\raylib.lib
d:\aryan\raylib_projects\snake\build\_deps\raylib-build\raylib\raylib.dir\debug\raylib.tlog\cl.command.1.tlog
d:\aryan\raylib_projects\snake\build\_deps\raylib-build\raylib\raylib.dir\debug\raylib.tlog\cl.read.1.tlog
d:\aryan\raylib_projects\snake\build\_deps\raylib-build\raylib\raylib.dir\debug\raylib.tlog\cl.write.1.tlog
d:\aryan\raylib_projects\snake\build\_deps\raylib-build\raylib\raylib.dir\debug\raylib.tlog\custombuild.command.1.tlog
d:\aryan\raylib_projects\snake\build\_deps\raylib-build\raylib\raylib.dir\debug\raylib.tlog\custombuild.read.1.tlog
d:\aryan\raylib_projects\snake\build\_deps\raylib-build\raylib\raylib.dir\debug\raylib.tlog\custombuild.write.1.tlog
d:\aryan\raylib_projects\snake\build\_deps\raylib-build\raylib\raylib.dir\debug\raylib.tlog\lib-link.read.1.tlog
d:\aryan\raylib_projects\snake\build\_deps\raylib-build\raylib\raylib.dir\debug\raylib.tlog\lib-link.write.1.tlog
d:\aryan\raylib_projects\snake\build\_deps\raylib-build\raylib\raylib.dir\debug\raylib.tlog\lib.command.1.tlog
